<?xml version="1.0" encoding="UTF-8"?>
<coverage generated="1690487884393" clover="3.2.0">
  <project timestamp="1690487884393" name="All files">
    <metrics statements="44" coveredstatements="19" conditionals="11" coveredconditionals="4" methods="17" coveredmethods="5" elements="72" coveredelements="28" complexity="0" loc="44" ncloc="44" packages="2" files="2" classes="2"/>
    <package name="To-Do_List">
      <metrics statements="9" coveredstatements="6" conditionals="2" coveredconditionals="0" methods="5" coveredmethods="2"/>
      <file name="localstorageMock.js" path="C:\Users\Alexander Saavedra\Documents\GitHub\To-Do_List\localstorageMock.js">
        <metrics statements="9" coveredstatements="6" conditionals="2" coveredconditionals="0" methods="5" coveredmethods="2"/>
        <line num="2" count="1" type="stmt"/>
        <line num="3" count="1" type="stmt"/>
        <line num="4" count="1" type="stmt"/>
        <line num="6" count="0" type="cond" truecount="0" falsecount="2"/>
        <line num="9" count="1" type="stmt"/>
        <line num="11" count="0" type="stmt"/>
        <line num="13" count="0" type="stmt"/>
        <line num="19" count="1" type="stmt"/>
        <line num="23" count="1" type="stmt"/>
      </file>
    </package>
    <package name="To-Do_List.src">
      <metrics statements="35" coveredstatements="13" conditionals="9" coveredconditionals="4" methods="12" coveredmethods="3"/>
      <file name="activities.js" path="C:\Users\Alexander Saavedra\Documents\GitHub\To-Do_List\src\activities.js">
        <metrics statements="35" coveredstatements="13" conditionals="9" coveredconditionals="4" methods="12" coveredmethods="3"/>
        <line num="2" count="1" type="stmt"/>
        <line num="5" count="3" type="stmt"/>
        <line num="6" count="3" type="cond" truecount="2" falsecount="0"/>
        <line num="7" count="2" type="cond" truecount="1" falsecount="1"/>
        <line num="8" count="2" type="stmt"/>
        <line num="10" count="0" type="stmt"/>
        <line num="13" count="1" type="stmt"/>
        <line num="16" count="3" type="stmt"/>
        <line num="17" count="3" type="stmt"/>
        <line num="18" count="3" type="stmt"/>
        <line num="22" count="1" type="stmt"/>
        <line num="23" count="1" type="stmt"/>
        <line num="24" count="1" type="stmt"/>
        <line num="28" count="0" type="stmt"/>
        <line num="29" count="0" type="stmt"/>
        <line num="30" count="0" type="stmt"/>
        <line num="31" count="0" type="stmt"/>
        <line num="35" count="0" type="stmt"/>
        <line num="36" count="0" type="stmt"/>
        <line num="37" count="0" type="stmt"/>
        <line num="41" count="0" type="stmt"/>
        <line num="42" count="0" type="stmt"/>
        <line num="43" count="0" type="stmt"/>
        <line num="47" count="0" type="stmt"/>
        <line num="48" count="0" type="stmt"/>
        <line num="49" count="0" type="stmt"/>
        <line num="50" count="0" type="stmt"/>
        <line num="51" count="0" type="stmt"/>
        <line num="52" count="0" type="stmt"/>
        <line num="54" count="0" type="stmt"/>
        <line num="58" count="1" type="stmt"/>
        <line num="62" count="0" type="stmt"/>
        <line num="63" count="0" type="cond" truecount="0" falsecount="4"/>
        <line num="64" count="0" type="stmt"/>
        <line num="66" count="0" type="stmt"/>
      </file>
    </package>
  </project>
</coverage>
